{"logTime":"0502/223408","correlationVector":"F3fLBG6sEahcpfYfSLmHVq.0","action":"SyncServerConnectionManagerRequest", "result":"SYNC_SERVER_OK", "context":{"environment":"", "server":""}}
{"logTime":"0502/223409","correlationVector":"7Bt7q95wMhPSCOMTCwXAqw.1","action":"SyncServerConnectionManagerRequest", "result":"SYNC_SERVER_OK", "context":{"environment":"48F630A6-CB1B-4CC7-86AF-0F6627234B58", "server":"BN3PEPF00000864"}}
{"logTime":"0502/223409","correlationVector":"isJAcGa+umvhvzByJEoE6E.1","action":"SyncServerConnectionManagerRequest", "result":"SYNC_SERVER_OK", "context":{"environment":"48F630A6-CB1B-4CC7-86AF-0F6627234B58", "server":"BN3PEPF00000864"}}
{"logTime":"0502/223409","correlationVector":"7Bt7q95wMhPSCOMTCwXAqw","action":"Initial GetUpdates", "result":""}
{"logTime":"0502/223409","correlationVector":"7Bt7q95wMhPSCOMTCwXAqw.2","action":"GetUpdates Response", "result":"SERVER_MORE_TO_DOWNLOAD"}
{"logTime":"0502/223409","correlationVector":"isJAcGa+umvhvzByJEoE6E","action":"Initial GetUpdates", "result":""}
{"logTime":"0502/223409","correlationVector":"isJAcGa+umvhvzByJEoE6E.2","action":"GetUpdates Response", "result":"SYNCER_OK"}
{"logTime":"0502/223417","correlationVector":"dg6oy5lYRR4AWgkb6jWzvl","action":"Initial GetUpdates", "result":""}
{"logTime":"0502/223417","correlationVector":"dg6oy5lYRR4AWgkb6jWzvl.1","action":"SyncServerConnectionManagerRequest", "result":"SYNC_SERVER_OK", "context":{"environment":"48F630A6-CB1B-4CC7-86AF-0F6627234B58", "server":"BN3PEPF00000864"}}
{"logTime":"0502/223417","correlationVector":"dg6oy5lYRR4AWgkb6jWzvl.2","action":"GetUpdates Response", "result":"SYNCER_OK"}
{"logTime":"0502/223417","correlationVector":"6fhZ8/VXkWhCw/pK2MH4qv","action":"Initial GetUpdates", "result":""}
{"logTime":"0502/223417","correlationVector":"6fhZ8/VXkWhCw/pK2MH4qv.1","action":"SyncServerConnectionManagerRequest", "result":"SYNC_SERVER_OK", "context":{"environment":"48F630A6-CB1B-4CC7-86AF-0F6627234B58", "server":"BN3PEPF00000864"}}
{"logTime":"0502/223417","correlationVector":"6fhZ8/VXkWhCw/pK2MH4qv.2","action":"GetUpdates Response", "result":"SERVER_MORE_TO_DOWNLOAD"}
{"logTime":"0502/223417","correlationVector":"E1Am+GW+pnfabYHpjH+K5i","action":"Initial GetUpdates", "result":""}
{"logTime":"0502/223418","correlationVector":"E1Am+GW+pnfabYHpjH+K5i.1","action":"SyncServerConnectionManagerRequest", "result":"SYNC_SERVER_OK", "context":{"environment":"48F630A6-CB1B-4CC7-86AF-0F6627234B58", "server":"BN3PEPF00000864"}}
{"logTime":"0502/223418","correlationVector":"E1Am+GW+pnfabYHpjH+K5i.2","action":"GetUpdates Response", "result":"SYNCER_OK"}
{"logTime":"0502/223418","correlationVector":"NWO5kKZ1cCIM/x4LpXyB8H","action":"Normal GetUpdate request", "result":""}
{"logTime":"0502/223418","correlationVector":"NWO5kKZ1cCIM/x4LpXyB8H.1","action":"SyncServerConnectionManagerRequest", "result":"SYNC_SERVER_OK", "context":{"environment":"48F630A6-CB1B-4CC7-86AF-0F6627234B58", "server":"BN3PEPF00000864"}}
{"logTime":"0502/223418","correlationVector":"NWO5kKZ1cCIM/x4LpXyB8H.2","action":"GetUpdates Response", "result":"SYNCER_OK"}
{"logTime":"0502/223418","correlationVector":"Tt9R3kxFHnk9evFyKkZddo","action":"Commit Request", "result":""}
{"logTime":"0502/223418","correlationVector":"Tt9R3kxFHnk9evFyKkZddo.1","action":"SyncServerConnectionManagerRequest", "result":"SYNC_SERVER_OK", "context":{"environment":"48F630A6-CB1B-4CC7-86AF-0F6627234B58", "server":"BN3PEPF00000864"}}
{"logTime":"0502/223418","correlationVector":"Tt9R3kxFHnk9evFyKkZddo.2","action":"Commit Response", "result":"SYNCER_OK"}
